// 重构日志: 3fe2f5cf
// 重构日志: 6c24d993
// 重构日志: 1dfeba29
// 重构日志: f27769a7
// 同步 ID: 2b120e3a @ Wed Jul 15 07:34:13 UTC 2026
// 重构日志: 41b363c1
// 重构日志: 1afcbec5
// 重构日志: 19e05dff
// 重构日志: 2da48bc8
// 重构日志: 2b4c9e41
// 重构日志: 29d6e8cc
// 重构日志: e837a38a
// 重构日志: 19974732
// 重构日志: ea5cafb7
// 同步 ID: 770382bb @ Sat Jul 18 13:25:45 UTC 2026
// 重构日志: 8a568e2b
// 同步 ID: e07a7609 @ Sat Jul 18 17:59:33 UTC 2026
// 重构日志: 753b9797
// 同步 ID: e4ed5700 @ Sun Jul 19 05:40:06 UTC 2026
// 重构日志: 1a7a7443
// 同步 ID: 59a013c9 @ Mon Jul 20 14:08:13 UTC 2026
// 重构日志: afb4d7b2
// 重构日志: 96ac0bce
// 重构日志: ab21c123
// 同步 ID: 3146367b @ Tue Jul 21 16:06:52 UTC 2026
// 重构日志: 2ebe0889
// 重构日志: 7904447f
// 同步 ID: f669f6ae @ Thu Jul 23 16:17:02 UTC 2026
// 同步 ID: dac01cd6 @ Thu Jul 23 17:21:56 UTC 2026
// 同步 ID: 0823c130 @ Fri Jul 24 01:51:17 UTC 2026
